<?xml version="1.0" encoding="UTF-8"?>
<!-- Generated by org.testng.reporters.JUnitReportReporter -->
<testsuite hostname="Alfaro" failures="0" tests="1" name="JavaSeleniumTest.temp1.ErrorValidation" time="12.015" errors="0" timestamp="2025-03-18T17:37:59 CST" skipped="0">
  <testcase classname="JavaSeleniumTest.temp1.ErrorValidation" name="LoginErrorValidation" time="12.015"/>
  <system-out/>
</testsuite> <!-- JavaSeleniumTest.temp1.ErrorValidation -->
