<?xml version="1.0" encoding="UTF-8"?>
<!-- Generated by org.testng.reporters.JUnitReportReporter -->
<testsuite hostname="Alfaro" failures="0" tests="2" name="JavaSeleniumTest.temp1.ErrorValidation" time="26.016" errors="0" timestamp="2025-01-08T20:00:32 CST" skipped="0">
  <testcase classname="JavaSeleniumTest.temp1.ErrorValidation" name="LoginErrorValidation" time="8.110"/>
  <system-out/>
  <testcase classname="JavaSeleniumTest.temp1.ErrorValidation" name="ProductErrorValidation" time="17.906"/>
  <system-out/>
</testsuite> <!-- JavaSeleniumTest.temp1.ErrorValidation -->
