<?xml version="1.0" encoding="UTF-8"?>
<!-- Generated by org.testng.reporters.JUnitReportReporter -->
<testsuite hostname="Alfaro" failures="0" tests="3" name="JavaSeleniumTest.temp1.Test4" time="46.930" errors="0" timestamp="2025-01-08T14:04:40 CST" skipped="0">
  <testcase classname="JavaSeleniumTest.temp1.Test4" name="submitOrder" time="17.014"/>
  <system-out/>
  <testcase classname="JavaSeleniumTest.temp1.Test4" name="submitOrder" time="19.410"/>
  <system-out/>
  <testcase classname="JavaSeleniumTest.temp1.Test4" name="OrderHistory" time="10.506"/>
  <system-out/>
</testsuite> <!-- JavaSeleniumTest.temp1.Test4 -->
