<?xml version="1.0" encoding="UTF-8"?>
<!-- Generated by org.testng.reporters.JUnitReportReporter -->
<testsuite hostname="Alfaro" failures="0" tests="2" name="JavaSeleniumTest.temp1.Test4" time="37.899" errors="0" timestamp="2025-03-18T17:37:59 CST" skipped="0">
  <testcase classname="JavaSeleniumTest.temp1.Test4" name="submitOrder" time="20.978"/>
  <system-out/>
  <testcase classname="JavaSeleniumTest.temp1.Test4" name="submitOrder" time="16.921"/>
  <system-out/>
</testsuite> <!-- JavaSeleniumTest.temp1.Test4 -->
