<?xml version="1.0" encoding="UTF-8"?>
<!-- Generated by org.testng.reporters.JUnitReportReporter -->
<testsuite hostname="Alfaro" failures="0" tests="3" name="JavaSeleniumTest.temp1.Test4" time="45.074" errors="0" timestamp="2025-01-08T19:28:25 CST" skipped="0">
  <testcase classname="JavaSeleniumTest.temp1.Test4" name="submitOrder" time="16.997"/>
  <testcase classname="JavaSeleniumTest.temp1.Test4" name="submitOrder" time="19.274"/>
  <testcase classname="JavaSeleniumTest.temp1.Test4" name="OrderHistory" time="8.803"/>
</testsuite> <!-- JavaSeleniumTest.temp1.Test4 -->
