<?xml version="1.0" encoding="UTF-8"?>
<!-- Generated by org.testng.reporters.JUnitReportReporter -->
<testsuite hostname="Alfaro" failures="0" tests="1" name="JavaSeleniumTest.temp1.ErrorValidation" time="7.817" errors="0" timestamp="2025-01-08T19:55:06 CST" skipped="0">
  <testcase classname="JavaSeleniumTest.temp1.ErrorValidation" name="LoginErrorValidation" time="7.817"/>
</testsuite> <!-- JavaSeleniumTest.temp1.ErrorValidation -->
